2018-08-20 08:40:47,702 INFO o.a.j.u.JMeterUtils: Setting Locale to zh_CN
2018-08-20 08:40:47,725 INFO o.a.j.JMeter: Loading system properties from: system.properties
2018-08-20 08:40:47,745 INFO o.a.j.JMeter: Copyright (c) 1998-2017 The Apache Software Foundation
2018-08-20 08:40:47,745 INFO o.a.j.JMeter: Version 3.2 r1790748
2018-08-20 08:40:47,745 INFO o.a.j.JMeter: java.version=1.8.0_161
2018-08-20 08:40:47,746 INFO o.a.j.JMeter: java.vm.name=Java HotSpot(TM) 64-Bit Server VM
2018-08-20 08:40:47,746 INFO o.a.j.JMeter: os.name=Windows 7
2018-08-20 08:40:47,746 INFO o.a.j.JMeter: os.arch=amd64
2018-08-20 08:40:47,746 INFO o.a.j.JMeter: os.version=6.1
2018-08-20 08:40:47,746 INFO o.a.j.JMeter: file.encoding=GBK
2018-08-20 08:40:47,746 INFO o.a.j.JMeter: Max memory     =514850816
2018-08-20 08:40:47,746 INFO o.a.j.JMeter: Available Processors =4
2018-08-20 08:40:47,794 INFO o.a.j.JMeter: Default Locale=中文 (中国)
2018-08-20 08:40:47,796 INFO o.a.j.JMeter: JMeter  Locale=中文 (中国)
2018-08-20 08:40:47,796 INFO o.a.j.JMeter: JMeterHome=E:\eclipse_workspace\jmeterTest\target\jmeter
2018-08-20 08:40:47,796 INFO o.a.j.JMeter: user.dir  =E:\eclipse_workspace\jmeterTest\target\jmeter\bin
2018-08-20 08:40:47,796 INFO o.a.j.JMeter: PWD       =E:\eclipse_workspace\jmeterTest\target\jmeter\bin
2018-08-20 08:40:47,799 INFO o.a.j.JMeter: IP: 10.64.36.184 Name: SKY-20180211CJN FullName: SKY-20180211CJN
2018-08-20 08:40:47,803 INFO o.a.j.s.FileServer: Default base='E:\eclipse_workspace\jmeterTest\target\jmeter\bin'
2018-08-20 08:40:47,803 INFO o.a.j.s.FileServer: Set new base='E:\eclipse_workspace\jmeterTest\target\jmeter\testFiles'
2018-08-20 08:40:48,050 INFO o.a.j.s.SaveService: Testplan (JMX) version: 2.2. Testlog (JTL) version: 2.2
2018-08-20 08:40:48,066 INFO o.a.j.s.SaveService: Using SaveService properties file encoding UTF-8
2018-08-20 08:40:48,083 INFO o.a.j.s.SaveService: Using SaveService properties version 4.0
2018-08-20 08:40:48,095 WARN o.a.j.s.SaveService: Bad _version - expected 3.2, found 4.0.
2018-08-20 08:40:48,095 INFO o.a.j.s.SaveService: Loading file: E:\eclipse_workspace\jmeterTest\target\jmeter\testFiles\dbj.jmx
2018-08-20 08:40:48,169 INFO o.a.j.p.h.s.HTTPSamplerBase: Parser for text/html is org.apache.jmeter.protocol.http.parser.LagartoBasedHtmlParser
2018-08-20 08:40:48,170 INFO o.a.j.p.h.s.HTTPSamplerBase: Parser for application/xhtml+xml is org.apache.jmeter.protocol.http.parser.LagartoBasedHtmlParser
2018-08-20 08:40:48,170 INFO o.a.j.p.h.s.HTTPSamplerBase: Parser for application/xml is org.apache.jmeter.protocol.http.parser.LagartoBasedHtmlParser
2018-08-20 08:40:48,170 INFO o.a.j.p.h.s.HTTPSamplerBase: Parser for text/xml is org.apache.jmeter.protocol.http.parser.LagartoBasedHtmlParser
2018-08-20 08:40:48,170 INFO o.a.j.p.h.s.HTTPSamplerBase: Parser for text/vnd.wap.wml is org.apache.jmeter.protocol.http.parser.RegexpHTMLParser
2018-08-20 08:40:48,170 INFO o.a.j.p.h.s.HTTPSamplerBase: Parser for text/css is org.apache.jmeter.protocol.http.parser.CssParser
2018-08-20 08:40:48,912 INFO o.a.j.JMeter: Creating summariser <summary>
2018-08-20 08:40:48,927 INFO o.a.j.e.StandardJMeterEngine: Running the test!
2018-08-20 08:40:48,928 INFO o.a.j.s.SampleEvent: List of sample_variables: []
2018-08-20 08:40:48,928 INFO o.a.j.s.SampleEvent: List of sample_variables: []
2018-08-20 08:40:48,937 INFO o.a.j.e.u.CompoundVariable: Note: Function class names must contain the string: '.functions.'
2018-08-20 08:40:48,938 INFO o.a.j.e.u.CompoundVariable: Note: Function class names must not contain the string: '.gui.'
2018-08-20 08:40:49,067 INFO o.a.j.t.TestPlan: added E:\jmeter\apache-jmeter-4.0\lib\ojdbc14.jar to classpath
2018-08-20 08:40:49,074 INFO o.a.j.JMeter: 正在运行的测试 (1534725649074)
2018-08-20 08:40:49,158 INFO o.a.j.e.StandardJMeterEngine: Starting ThreadGroup: 1 : 测试控制器
2018-08-20 08:40:49,158 INFO o.a.j.e.StandardJMeterEngine: Starting 1 threads for group 测试控制器.
2018-08-20 08:40:49,158 INFO o.a.j.e.StandardJMeterEngine: Thread will continue on error
2018-08-20 08:40:49,159 INFO o.a.j.t.ThreadGroup: Starting thread group... number=1 threads=1 ramp-up=1 perThread=1000.0 delayedStart=false
2018-08-20 08:40:49,169 INFO o.a.j.t.ThreadGroup: Started thread group number 1
2018-08-20 08:40:49,169 INFO o.a.j.e.StandardJMeterEngine: All thread groups have been started
2018-08-20 08:40:49,334 INFO o.a.j.t.JMeterThread: Thread started: 测试控制器 1-1
2018-08-20 08:40:49,336 INFO o.a.j.s.FileServer: Stored: .\test.csv
2018-08-20 08:40:49,384 INFO o.a.j.s.SampleResult: Note: Sample TimeStamps are START times
2018-08-20 08:40:49,384 INFO o.a.j.s.SampleResult: sampleresult.default.encoding is set to utf-8
2018-08-20 08:40:49,384 INFO o.a.j.s.SampleResult: sampleresult.useNanoTime=true
2018-08-20 08:40:49,384 INFO o.a.j.s.SampleResult: sampleresult.nanoThreadSleep=5000
2018-08-20 08:40:49,666 INFO o.a.j.p.h.s.HTTPHCAbstractImpl: Local host = SKY-20180211CJN
2018-08-20 08:40:49,676 INFO o.a.j.p.h.s.HTTPHC4Impl: HTTP request retry count = 0
2018-08-20 08:40:59,646 INFO o.a.j.t.JMeterThread: Thread is done: 测试控制器 1-1
2018-08-20 08:40:59,646 INFO o.a.j.t.JMeterThread: Thread finished: 测试控制器 1-1
2018-08-20 08:40:59,649 INFO o.a.j.e.StandardJMeterEngine: Notifying test listeners of end of test
2018-08-20 08:40:59,649 INFO o.a.j.s.FileServer: Close: .\test.csv
2018-08-20 08:40:59,654 INFO o.a.j.r.Summariser: summary =     13 in 00:00:11 =    1.2/s Avg:   743 Min:     0 Max:  3695 Err:     2 (15.38%)
